#
# There is insufficient memory for the Java Runtime Environment to continue.
# Native memory allocation (malloc) failed to allocate 16777232 bytes for Chunk::new
# Possible reasons:
#   The system is out of physical RAM or swap space
#   In 32 bit mode, the process size limit was hit
# Possible solutions:
#   Reduce memory load on the system
#   Increase physical memory or swap space
#   Check if swap backing store is full
#   Use 64 bit Java on a 64 bit OS
#   Decrease Java heap size (-Xmx/-Xms)
#   Decrease number of Java threads
#   Decrease Java thread stack sizes (-Xss)
#   Set larger code cache with -XX:ReservedCodeCacheSize=
# This output file may be truncated or incomplete.
#
#  Out of Memory Error (allocation.cpp:390), pid=9444, tid=10068
#
# JRE version: Java(TM) SE Runtime Environment (8.0_31-b13) (build 1.8.0_31-b13)
# Java VM: Java HotSpot(TM) 64-Bit Server VM (25.31-b07 mixed mode windows-amd64 compressed oops)
# Failed to write core dump. Minidumps are not enabled by default on client versions of Windows
#

---------------  T H R E A D  ---------------

Current thread (0x00000000170b3800):  JavaThread "C2 CompilerThread1" daemon [_thread_in_native, id=10068, stack(0x0000000017790000,0x0000000017890000)]

Stack: [0x0000000017790000,0x0000000017890000]
Native frames: (J=compiled Java code, j=interpreted, Vv=VM code, C=native code)
V  [jvm.dll+0x3169ba]
V  [jvm.dll+0x2674c3]
V  [jvm.dll+0x268103]
V  [jvm.dll+0x25f8f5]
V  [jvm.dll+0xbf025]
V  [jvm.dll+0xbf4cc]
V  [jvm.dll+0x431938]
V  [jvm.dll+0x45f9c0]
V  [jvm.dll+0x45fc7a]
V  [jvm.dll+0x460b5f]
V  [jvm.dll+0x462c21]
V  [jvm.dll+0x465055]
V  [jvm.dll+0x4659dc]
V  [jvm.dll+0x465d23]
V  [jvm.dll+0x452b83]
V  [jvm.dll+0x454124]
V  [jvm.dll+0x437c62]
V  [jvm.dll+0x988e2]
V  [jvm.dll+0x990d3]
V  [jvm.dll+0x22c194]
V  [jvm.dll+0x28576a]
C  [msvcr100.dll+0x21d9f]
C  [msvcr100.dll+0x21e3b]
C  [KERNEL32.DLL+0x13d2]
C  [ntdll.dll+0x6eb64]


Current CompileTask:
C2:  12796 1762   !   4       com.android.dx.cf.code.Ropper::processBlock (1101 bytes)


---------------  P R O C E S S  ---------------

Java Threads: ( => current thread )
  0x0000000017148800 JavaThread "Service Thread" daemon [_thread_blocked, id=9640, stack(0x0000000017a90000,0x0000000017b90000)]
  0x00000000170cb000 JavaThread "C1 CompilerThread3" daemon [_thread_blocked, id=3804, stack(0x0000000017990000,0x0000000017a90000)]
  0x00000000170bb000 JavaThread "C2 CompilerThread2" daemon [_thread_blocked, id=8552, stack(0x0000000017890000,0x0000000017990000)]
=>0x00000000170b3800 JavaThread "C2 CompilerThread1" daemon [_thread_in_native, id=10068, stack(0x0000000017790000,0x0000000017890000)]
  0x00000000170b2000 JavaThread "C2 CompilerThread0" daemon [_thread_blocked, id=7632, stack(0x0000000017690000,0x0000000017790000)]
  0x00000000170c1800 JavaThread "Attach Listener" daemon [_thread_blocked, id=9700, stack(0x0000000017590000,0x0000000017690000)]
  0x0000000002578800 JavaThread "Finalizer" daemon [_thread_blocked, id=9600, stack(0x0000000016f90000,0x0000000017090000)]
  0x000000001509c000 JavaThread "Reference Handler" daemon [_thread_blocked, id=8784, stack(0x0000000016e90000,0x0000000016f90000)]

Other Threads:
  0x0000000015097800 VMThread [stack: 0x0000000016d90000,0x0000000016e90000] [id=6472]

VM state:at safepoint (normal execution)

VM Mutex/Monitor currently owned by a thread:  ([mutex/lock_event])
[0x000000000247c2a0] Threads_lock - owner thread: 0x0000000015097800
[0x000000000247c620] Heap_lock - owner thread: 0x000000000247d800

Heap:
 PSYoungGen      total 138240K, used 9453K [0x00000000eab00000, 0x00000000f3700000, 0x0000000100000000)
  eden space 133120K, 3% used [0x00000000eab00000,0x00000000eaf3ede0,0x00000000f2d00000)
  from space 5120K, 99% used [0x00000000f3200000,0x00000000f36fc7c8,0x00000000f3700000)
  to   space 5120K, 0% used [0x00000000f2d00000,0x00000000f2d00000,0x00000000f3200000)
 ParOldGen       total 87552K, used 21515K [0x00000000c0000000, 0x00000000c5580000, 0x00000000eab00000)
  object space 87552K, 24% used [0x00000000c0000000,0x00000000c1502f88,0x00000000c5580000)
 Metaspace       used 6686K, capacity 7512K, committed 7680K, reserved 1056768K
  class space    used 629K, capacity 656K, committed 768K, reserved 1048576K

Card table byte_map: [0x0000000011940000,0x0000000011b50000] byte_map_base: 0x0000000011340000

Marking Bits: (ParMarkBitMap*) 0x000000006a4cd4f0
 Begin Bits: [0x00000000124b0000, 0x00000000134b0000)
 End Bits:   [0x00000000134b0000, 0x00000000144b0000)

Polling page: 0x0000000002170000

CodeCache: size=245760Kb used=10066Kb max_used=10078Kb free=235693Kb
 bounds [0x0000000002580000, 0x0000000002f60000, 0x0000000011580000]
 total_blobs=2516 nmethods=2246 adapters=183
 compilation: enabled

Compilation events (10 events):
Event: 8.420 Thread 0x00000000170b2000 nmethod 2243 0x0000000002e8cf10 code [0x0000000002e8d040, 0x0000000002e8d0b8]
Event: 8.420 Thread 0x00000000170b2000 2241       4       java.util.TreeMap$PrivateEntryIterator::nextEntry (54 bytes)
Event: 8.426 Thread 0x00000000170b2000 nmethod 2241 0x0000000002f4f650 code [0x0000000002f4f7a0, 0x0000000002f4f8d8]
Event: 8.426 Thread 0x00000000170b2000 2211       4       java.util.Arrays::rangeCheck (74 bytes)
Event: 8.427 Thread 0x00000000170b2000 nmethod 2211 0x0000000002f4f3d0 code [0x0000000002f4f500, 0x0000000002f4f578]
Event: 8.427 Thread 0x00000000170b2000 2347 %     4       sun.security.provider.SHA::implCompress @ 122 (491 bytes)
Event: 8.459 Thread 0x00000000170cb000 2353       1       java.util.zip.ZStreamRef::address (5 bytes)
Event: 8.460 Thread 0x00000000170cb000 nmethod 2353 0x0000000002f4f110 code [0x0000000002f4f260, 0x0000000002f4f370]
Event: 8.462 Thread 0x00000000170cb000 2354       3       java.io.FileOutputStream::write (10 bytes)
Event: 8.463 Thread 0x00000000170cb000 nmethod 2354 0x0000000002f50cd0 code [0x0000000002f50e40, 0x0000000002f50fc8]

GC Heap History (8 events):
Event: 1.061 GC heap before
{Heap before GC invocations=1 (full 0):
 PSYoungGen      total 38400K, used 33280K [0x00000000eab00000, 0x00000000ed580000, 0x0000000100000000)
  eden space 33280K, 100% used [0x00000000eab00000,0x00000000ecb80000,0x00000000ecb80000)
  from space 5120K, 0% used [0x00000000ed080000,0x00000000ed080000,0x00000000ed580000)
  to   space 5120K, 0% used [0x00000000ecb80000,0x00000000ecb80000,0x00000000ed080000)
 ParOldGen       total 87552K, used 0K [0x00000000c0000000, 0x00000000c5580000, 0x00000000eab00000)
  object space 87552K, 0% used [0x00000000c0000000,0x00000000c0000000,0x00000000c5580000)
 Metaspace       used 5585K, capacity 6896K, committed 7040K, reserved 1056768K
  class space    used 543K, capacity 616K, committed 640K, reserved 1048576K
Event: 1.085 GC heap after
Heap after GC invocations=1 (full 0):
 PSYoungGen      total 38400K, used 5088K [0x00000000eab00000, 0x00000000ef600000, 0x0000000100000000)
  eden space 33280K, 0% used [0x00000000eab00000,0x00000000eab00000,0x00000000ecb80000)
  from space 5120K, 99% used [0x00000000ecb80000,0x00000000ed0781e8,0x00000000ed080000)
  to   space 5120K, 0% used [0x00000000ef100000,0x00000000ef100000,0x00000000ef600000)
 ParOldGen       total 87552K, used 1676K [0x00000000c0000000, 0x00000000c5580000, 0x00000000eab00000)
  object space 87552K, 1% used [0x00000000c0000000,0x00000000c01a3000,0x00000000c5580000)
 Metaspace       used 5585K, capacity 6896K, committed 7040K, reserved 1056768K
  class space    used 543K, capacity 616K, committed 640K, reserved 1048576K
}
Event: 2.061 GC heap before
{Heap before GC invocations=2 (full 0):
 PSYoungGen      total 38400K, used 38368K [0x00000000eab00000, 0x00000000ef600000, 0x0000000100000000)
  eden space 33280K, 100% used [0x00000000eab00000,0x00000000ecb80000,0x00000000ecb80000)
  from space 5120K, 99% used [0x00000000ecb80000,0x00000000ed0781e8,0x00000000ed080000)
  to   space 5120K, 0% used [0x00000000ef100000,0x00000000ef100000,0x00000000ef600000)
 ParOldGen       total 87552K, used 1676K [0x00000000c0000000, 0x00000000c5580000, 0x00000000eab00000)
  object space 87552K, 1% used [0x00000000c0000000,0x00000000c01a3000,0x00000000c5580000)
 Metaspace       used 5750K, capacity 7024K, committed 7296K, reserved 1056768K
  class space    used 549K, capacity 616K, committed 640K, reserved 1048576K
Event: 2.089 GC heap after
Heap after GC invocations=2 (full 0):
 PSYoungGen      total 71680K, used 5107K [0x00000000eab00000, 0x00000000ef600000, 0x0000000100000000)
  eden space 66560K, 0% used [0x00000000eab00000,0x00000000eab00000,0x00000000eec00000)
  from space 5120K, 99% used [0x00000000ef100000,0x00000000ef5fce28,0x00000000ef600000)
  to   space 5120K, 0% used [0x00000000eec00000,0x00000000eec00000,0x00000000ef100000)
 ParOldGen       total 87552K, used 6725K [0x00000000c0000000, 0x00000000c5580000, 0x00000000eab00000)
  object space 87552K, 7% used [0x00000000c0000000,0x00000000c0691740,0x00000000c5580000)
 Metaspace       used 5750K, capacity 7024K, committed 7296K, reserved 1056768K
  class space    used 549K, capacity 616K, committed 640K, reserved 1048576K
}
Event: 5.019 GC heap before
{Heap before GC invocations=3 (full 0):
 PSYoungGen      total 71680K, used 71667K [0x00000000eab00000, 0x00000000ef600000, 0x0000000100000000)
  eden space 66560K, 100% used [0x00000000eab00000,0x00000000eec00000,0x00000000eec00000)
  from space 5120K, 99% used [0x00000000ef100000,0x00000000ef5fce28,0x00000000ef600000)
  to   space 5120K, 0% used [0x00000000eec00000,0x00000000eec00000,0x00000000ef100000)
 ParOldGen       total 87552K, used 6725K [0x00000000c0000000, 0x00000000c5580000, 0x00000000eab00000)
  object space 87552K, 7% used [0x00000000c0000000,0x00000000c0691740,0x00000000c5580000)
 Metaspace       used 5882K, capacity 7088K, committed 7296K, reserved 1056768K
  class space    used 568K, capacity 616K, committed 640K, reserved 1048576K
Event: 5.129 GC heap after
Heap after GC invocations=3 (full 0):
 PSYoungGen      total 71680K, used 5096K [0x00000000eab00000, 0x00000000f3700000, 0x0000000100000000)
  eden space 66560K, 0% used [0x00000000eab00000,0x00000000eab00000,0x00000000eec00000)
  from space 5120K, 99% used [0x00000000eec00000,0x00000000ef0fa298,0x00000000ef100000)
  to   space 5120K, 0% used [0x00000000f3200000,0x00000000f3200000,0x00000000f3700000)
 ParOldGen       total 87552K, used 15996K [0x00000000c0000000, 0x00000000c5580000, 0x00000000eab00000)
  object space 87552K, 18% used [0x00000000c0000000,0x00000000c0f9f120,0x00000000c5580000)
 Metaspace       used 5882K, capacity 7088K, committed 7296K, reserved 1056768K
  class space    used 568K, capacity 616K, committed 640K, reserved 1048576K
}
Event: 7.773 GC heap before
{Heap before GC invocations=4 (full 0):
 PSYoungGen      total 71680K, used 71656K [0x00000000eab00000, 0x00000000f3700000, 0x0000000100000000)
  eden space 66560K, 100% used [0x00000000eab00000,0x00000000eec00000,0x00000000eec00000)
  from space 5120K, 99% used [0x00000000eec00000,0x00000000ef0fa298,0x00000000ef100000)
  to   space 5120K, 0% used [0x00000000f3200000,0x00000000f3200000,0x00000000f3700000)
 ParOldGen       total 87552K, used 15996K [0x00000000c0000000, 0x00000000c5580000, 0x00000000eab00000)
  object space 87552K, 18% used [0x00000000c0000000,0x00000000c0f9f120,0x00000000c5580000)
 Metaspace       used 6279K, capacity 7408K, committed 7552K, reserved 1056768K
  class space    used 589K, capacity 616K, committed 640K, reserved 1048576K
Event: 7.846 GC heap after
Heap after GC invocations=4 (full 0):
 PSYoungGen      total 138240K, used 5105K [0x00000000eab00000, 0x00000000f3700000, 0x0000000100000000)
  eden space 133120K, 0% used [0x00000000eab00000,0x00000000eab00000,0x00000000f2d00000)
  from space 5120K, 99% used [0x00000000f3200000,0x00000000f36fc7c8,0x00000000f3700000)
  to   space 5120K, 0% used [0x00000000f2d00000,0x00000000f2d00000,0x00000000f3200000)
 ParOldGen       total 87552K, used 21515K [0x00000000c0000000, 0x00000000c5580000, 0x00000000eab00000)
  object space 87552K, 24% used [0x00000000c0000000,0x00000000c1502f88,0x00000000c5580000)
 Metaspace       used 6279K, capacity 7408K, committed 7552K, reserved 1056768K
  class space    used 589K, capacity 616K, committed 640K, reserved 1048576K
}

Deoptimization events (10 events):
Event: 6.469 Thread 0x000000000247d800 Uncommon trap: reason=class_check action=maybe_recompile pc=0x00000000029dcc64 method=java.util.Arrays.hashCode([Ljava/lang/Object;)I @ 43
Event: 6.895 Thread 0x000000000247d800 Uncommon trap: reason=speculate_class_check action=maybe_recompile pc=0x00000000028e3a40 method=com.android.dx.util.FixedSizeList.equals(Ljava/lang/Object;)Z @ 25
Event: 6.910 Thread 0x000000000247d800 Uncommon trap: reason=speculate_class_check action=maybe_recompile pc=0x00000000028e3a40 method=com.android.dx.util.FixedSizeList.equals(Ljava/lang/Object;)Z @ 25
Event: 6.910 Thread 0x000000000247d800 Uncommon trap: reason=speculate_class_check action=maybe_recompile pc=0x00000000028e3a40 method=com.android.dx.util.FixedSizeList.equals(Ljava/lang/Object;)Z @ 25
Event: 6.911 Thread 0x000000000247d800 Uncommon trap: reason=speculate_class_check action=maybe_recompile pc=0x00000000028e3a40 method=com.android.dx.util.FixedSizeList.equals(Ljava/lang/Object;)Z @ 25
Event: 8.186 Thread 0x000000000247d800 Uncommon trap: reason=unreached action=reinterpret pc=0x000000000287d04c method=java.util.Arrays.copyOf([Ljava/lang/Object;ILjava/lang/Class;)[Ljava/lang/Object; @ 3
Event: 8.190 Thread 0x000000000247d800 Uncommon trap: reason=speculate_class_check action=maybe_recompile pc=0x0000000002de0308 method=java.util.HashMap.putVal(ILjava/lang/Object;Ljava/lang/Object;ZZ)Ljava/lang/Object; @ 56
Event: 8.191 Thread 0x000000000247d800 Uncommon trap: reason=speculate_class_check action=maybe_recompile pc=0x0000000002de0358 method=java.util.HashMap.putVal(ILjava/lang/Object;Ljava/lang/Object;ZZ)Ljava/lang/Object; @ 152
Event: 8.191 Thread 0x000000000247d800 Uncommon trap: reason=speculate_class_check action=maybe_recompile pc=0x0000000002de0308 method=java.util.HashMap.putVal(ILjava/lang/Object;Ljava/lang/Object;ZZ)Ljava/lang/Object; @ 56
Event: 8.191 Thread 0x000000000247d800 Uncommon trap: reason=speculate_class_check action=maybe_recompile pc=0x0000000002de0308 method=java.util.HashMap.putVal(ILjava/lang/Object;Ljava/lang/Object;ZZ)Ljava/lang/Object; @ 56

Internal exceptions (7 events):
Event: 0.030 Thread 0x000000000247d800 Exception <a 'java/lang/NoSuchMethodError': Method sun.misc.Unsafe.defineClass(Ljava/lang/String;[BII)Ljava/lang/Class; name or signature does not match> (0x00000000eab0c8f8) thrown at [C:\workspace\8-2-build-windows-amd64-cygwin\jdk8u31\2394\hotspot\src\sÂ]l79Mž?
Event: 0.030 Thread 0x000000000247d800 Exception <a 'java/lang/NoSuchMethodError': Method sun.misc.Unsafe.prefetchRead(Ljava/lang/Object;J)V name or signature does not match> (0x00000000eab0cb88) thrown at [C:\workspace\8-2-build-windows-amd64-cygwin\jdk8u31\2394\hotspot\src\share\vm\prims\jni.ò>Æ]	·ç?
Event: 0.741 Thread 0x000000000247d800 Implicit null exception at 0x000000000296589a to 0x0000000002966c1d
Event: 0.783 Thread 0x000000000247d800 Implicit null exception at 0x0000000002957292 to 0x00000000029585f5
Event: 4.007 Thread 0x000000000247d800 Exception <a 'java/lang/ArrayIndexOutOfBoundsException': 18> (0x00000000ed0a6778) thrown at [C:\workspace\8-2-build-windows-amd64-cygwin\jdk8u31\2394\hotspot\src\share\vm\interpreter\interpreterRuntime.cpp, line 366]
Event: 4.008 Thread 0x000000000247d800 Exception <a 'java/lang/ArrayIndexOutOfBoundsException': 145> (0x00000000ed0a8210) thrown at [C:\workspace\8-2-build-windows-amd64-cygwin\jdk8u31\2394\hotspot\src\share\vm\interpreter\interpreterRuntime.cpp, line 366]
Event: 4.010 Thread 0x000000000247d800 Exception <a 'java/lang/ArrayIndexOutOfBoundsException'> (0x00000000ed0a9428) thrown at [C:\workspace\8-2-build-windows-amd64-cygwin\jdk8u31\2394\hotspot\src\share\vm\runtime\sharedRuntime.cpp, line 604]

Events (10 events):
Event: 8.463 loading class java/io/FileOutputStream$1
Event: 8.464 loading class java/io/FileOutputStream$1 done
Event: 8.471 Thread 0x000000000247d800 Thread exited: 0x000000000247d800
Event: 8.471 Thread 0x000000000247d800 Thread added: 0x000000000247d800
Event: 8.471 loading class java/lang/Shutdown
Event: 8.472 loading class java/lang/Shutdown done
Event: 8.472 loading class java/lang/Shutdown$Lock
Event: 8.472 loading class java/lang/Shutdown$Lock done
Event: 8.475 Thread 0x00000000170c0800 Thread exited: 0x00000000170c0800
Event: 8.475 Thread 0x000000000247d800 Thread exited: 0x000000000247d800


Dynamic libraries:
0x00007ff645950000 - 0x00007ff645984000 	C:\PROGRA~1\Java\JDK18~1.0_3\bin\java.exe
0x00007ff823ac0000 - 0x00007ff823c6c000 	C:\Windows\SYSTEM32\ntdll.dll
0x00007ff822d00000 - 0x00007ff822e3e000 	C:\Windows\system32\KERNEL32.DLL
0x00007ff820d40000 - 0x00007ff820e55000 	C:\Windows\system32\KERNELBASE.dll
0x00007ff81f7b0000 - 0x00007ff81f83e000 	C:\Windows\system32\apphelp.dll
0x00007ff80a560000 - 0x00007ff80a5b3000 	C:\Windows\AppPatch\AppPatch64\AcGenral.DLL
0x00007ff8234b0000 - 0x00007ff82355a000 	C:\Windows\system32\msvcrt.dll
0x00007ff8209e0000 - 0x00007ff820a0e000 	C:\Windows\SYSTEM32\SspiCli.dll
0x00007ff822eb0000 - 0x00007ff822f04000 	C:\Windows\system32\SHLWAPI.dll
0x00007ff821660000 - 0x00007ff8217d7000 	C:\Windows\system32\USER32.dll
0x00007ff823160000 - 0x00007ff8232f4000 	C:\Windows\system32\ole32.dll
0x00007ff8217e0000 - 0x00007ff822cf8000 	C:\Windows\system32\SHELL32.dll
0x00007ff8201b0000 - 0x00007ff8201d1000 	C:\Windows\SYSTEM32\USERENV.dll
0x00007ff821360000 - 0x00007ff82140a000 	C:\Windows\system32\ADVAPI32.dll
0x00007ff814f60000 - 0x00007ff814f7e000 	C:\Windows\SYSTEM32\MPR.dll
0x00007ff823970000 - 0x00007ff823ab1000 	C:\Windows\system32\RPCRT4.dll
0x00007ff822f80000 - 0x00007ff822fd9000 	C:\Windows\SYSTEM32\sechost.dll
0x00007ff823740000 - 0x00007ff823951000 	C:\Windows\SYSTEM32\combase.dll
0x00007ff823300000 - 0x00007ff823451000 	C:\Windows\system32\GDI32.dll
0x00007ff820c10000 - 0x00007ff820c25000 	C:\Windows\SYSTEM32\profapi.dll
0x00007ff81f160000 - 0x00007ff81f212000 	C:\Windows\SYSTEM32\SHCORE.dll
0x00007ff823460000 - 0x00007ff823496000 	C:\Windows\system32\IMM32.DLL
0x00007ff822fe0000 - 0x00007ff823133000 	C:\Windows\system32\MSCTF.dll
0x00007ff81e840000 - 0x00007ff81eabb000 	C:\Windows\WinSxS\amd64_microsoft.windows.common-controls_6595b64144ccf1df_6.0.9600.17415_none_6240486fecbd8abb\COMCTL32.dll
0x0000000069670000 - 0x0000000069742000 	C:\PROGRA~1\Java\JDK18~1.0_3\jre\bin\msvcr100.dll
0x0000000069cf0000 - 0x000000006a54a000 	C:\PROGRA~1\Java\JDK18~1.0_3\jre\bin\server\jvm.dll
0x00007ff8179b0000 - 0x00007ff8179b9000 	C:\Windows\SYSTEM32\WSOCK32.dll
0x00007ff81e120000 - 0x00007ff81e142000 	C:\Windows\SYSTEM32\WINMM.dll
0x00007ff8234a0000 - 0x00007ff8234a7000 	C:\Windows\system32\PSAPI.DLL
0x00007ff821300000 - 0x00007ff82135a000 	C:\Windows\system32\WS2_32.dll
0x00007ff81e0b0000 - 0x00007ff81e0da000 	C:\Windows\SYSTEM32\WINMMBASE.dll
0x00007ff822ea0000 - 0x00007ff822ea9000 	C:\Windows\system32\NSI.dll
0x00007ff8210f0000 - 0x00007ff82113f000 	C:\Windows\SYSTEM32\cfgmgr32.dll
0x00007ff81fa00000 - 0x00007ff81fa28000 	C:\Windows\SYSTEM32\DEVOBJ.dll
0x0000000069ce0000 - 0x0000000069cef000 	C:\PROGRA~1\Java\JDK18~1.0_3\jre\bin\verify.dll
0x0000000069cb0000 - 0x0000000069cd8000 	C:\PROGRA~1\Java\JDK18~1.0_3\jre\bin\java.dll
0x0000000069c90000 - 0x0000000069ca6000 	C:\PROGRA~1\Java\JDK18~1.0_3\jre\bin\zip.dll
0x00007ff805480000 - 0x00007ff80560a000 	C:\Windows\SYSTEM32\dbghelp.dll

VM Arguments:
jvm_args: -Xmx1024M -Xss1m -Djava.ext.dirs=D:\Program Files (x86)\Android Studio\build-tools\21.1.2\lib 
java_command: D:\Program Files (x86)\Android Studio\build-tools\21.1.2\lib\dx.jar --dex --output D:\git\openDataApp\app\build\intermediates\pre-dexed\debug\classes-8ccd2cfb935ab0031de2fcc6a1abebcc8a15bfb1.jar D:\git\openDataApp\app\build\intermediates\exploded-aar\com.android.support\appcompat-v7\19.0.0\classes.jar
java_class_path (initial): D:\Program Files (x86)\Android Studio\build-tools\21.1.2\lib\dx.jar
Launcher Type: SUN_STANDARD

Environment Variables:
JAVA_HOME=C:\Program Files\Java\jdk1.8.0_31
PATH=C:\Program Files (x86)\Intel\iCLS Client\;C:\Program Files\Intel\iCLS Client\;C:\Program Files (x86)\NVIDIA Corporation\PhysX\Common;C:\ProgramData\Oracle\Java\javapath;C:\Windows\system32;C:\Windows;C:\Windows\System32\Wbem;C:\Windows\System32\WindowsPowerShell\v1.0\;C:\Program Files (x86)\Windows Kits\8.1\Windows Performance Toolkit\;C:\Program Files\Microsoft SQL Server\110\Tools\Binn\;D:\Program Files\Intel\WiFi\bin\;C:\Program Files\Common Files\Intel\WirelessCommon\;C:\Program Files (x86)\QuickTime\QTSystem\;C:\Program Files\Intel\Intel(R) Management Engine Components\DAL;C:\Program Files\Intel\Intel(R) Management Engine Components\IPT;C:\Program Files (x86)\Intel\Intel(R) Management Engine Components\DAL;C:\Program Files (x86)\Intel\Intel(R) Management Engine Components\IPT;D:\Program Files\Intel\WiFi\bin\;C:\Program Files\Common Files\Intel\WirelessCommon\
USERNAME=Gerjan
OS=Windows_NT
PROCESSOR_IDENTIFIER=Intel64 Family 6 Model 58 Stepping 9, GenuineIntel



---------------  S Y S T E M  ---------------

OS: Windows 8.1 , 64 bit Build 9600 

CPU:total 8 (4 cores per cpu, 2 threads per core) family 6 model 58 stepping 9, cmov, cx8, fxsr, mmx, sse, sse2, sse3, ssse3, sse4.1, sse4.2, popcnt, avx, aes, clmul, erms, ht, tsc, tscinvbit, tscinv

Memory: 4k page, physical 8271608k(607068k free), swap 9320184k(5604k free)

vm_info: Java HotSpot(TM) 64-Bit Server VM (25.31-b07) for windows-amd64 JRE (1.8.0_31-b13), built on Dec 17 2014 21:00:28 by "java_re" with MS VC++ 10.0 (VS2010)

time: Wed Feb 18 10:43:01 2015
elapsed time: 12 seconds (0d 0h 0m 12s)

